2020-10-16 11:25:41,908 - smallab.main_process_runner - INFO - Experiments:   0%|          | 0/1 [00:00<?, ?it/s]
2020-10-16 11:25:41,922 - smallab.lactose-sierra-equal-juliet - INFO - Dataset is ready.
2020-10-16 11:25:53,848 - smallab.lactose-sierra-equal-juliet - INFO - Start Joint Training
2020-10-16 11:25:58,901 - smallab.lactose-sierra-equal-juliet - INFO - step: 0, d_loss: 2.0121, g_loss_u: 0.7966, g_loss_s: 0.0672, g_loss_v: 0.4198, e_loss_t0: 0.318
2020-10-16 11:33:47,503 - smallab.lactose-sierra-equal-juliet - INFO - step: 1000, d_loss: 0.4724, g_loss_u: 3.0205, g_loss_s: 0.02, g_loss_v: 0.1054, e_loss_t0: 0.0218
2020-10-16 11:41:42,789 - smallab.lactose-sierra-equal-juliet - INFO - step: 2000, d_loss: 0.8591, g_loss_u: 3.1787, g_loss_s: 0.036, g_loss_v: 0.1976, e_loss_t0: 0.0148
2020-10-16 11:50:44,496 - smallab.lactose-sierra-equal-juliet - INFO - step: 3000, d_loss: 0.33, g_loss_u: 4.6369, g_loss_s: 0.024, g_loss_v: 0.1197, e_loss_t0: 0.0122
2020-10-16 12:00:44,518 - smallab.lactose-sierra-equal-juliet - INFO - step: 4000, d_loss: 0.2545, g_loss_u: 6.0062, g_loss_s: 0.0171, g_loss_v: 0.0866, e_loss_t0: 0.0105
2020-10-16 12:10:22,868 - smallab.lactose-sierra-equal-juliet - INFO - step: 5000, d_loss: 0.2863, g_loss_u: 6.0901, g_loss_s: 0.0184, g_loss_v: 0.064, e_loss_t0: 0.008
2020-10-16 12:20:01,946 - smallab.lactose-sierra-equal-juliet - INFO - step: 6000, d_loss: 0.7724, g_loss_u: 2.5043, g_loss_s: 0.0217, g_loss_v: 0.1324, e_loss_t0: 0.0082
2020-10-16 12:29:27,199 - smallab.lactose-sierra-equal-juliet - INFO - step: 7000, d_loss: 0.5579, g_loss_u: 6.1279, g_loss_s: 0.0223, g_loss_v: 0.0734, e_loss_t0: 0.0079
2020-10-16 12:39:30,264 - smallab.lactose-sierra-equal-juliet - INFO - step: 8000, d_loss: 0.4028, g_loss_u: 3.8262, g_loss_s: 0.0229, g_loss_v: 0.2006, e_loss_t0: 0.0071
2020-10-16 12:47:11,439 - smallab.lactose-sierra-equal-juliet - INFO - step: 9000, d_loss: 1.1348, g_loss_u: 4.3244, g_loss_s: 0.0206, g_loss_v: 0.0907, e_loss_t0: 0.0064
2020-10-16 12:54:13,336 - smallab.lactose-sierra-equal-juliet - INFO - Finish Joint Training
2020-10-16 12:55:14,527 - smallab.lactose-sierra-equal-juliet - INFO - Visualization complete.
2020-10-16 12:55:14,535 - smallab.lactose-sierra-equal-juliet - INFO - Computing discriminative score...
2020-10-16 12:57:10,180 - smallab.lactose-sierra-equal-juliet - INFO - Discriminative score complete.
2020-10-16 12:57:10,181 - smallab.lactose-sierra-equal-juliet - INFO - Computing predictive score...
2020-10-16 13:01:50,571 - smallab.lactose-sierra-equal-juliet - INFO - Predictive score complete.
2020-10-16 13:01:50,573 - smallab.lactose-sierra-equal-juliet - INFO - Discriminative Score - Mean: 0.0, Std: 0.0
2020-10-16 13:01:50,573 - smallab.lactose-sierra-equal-juliet - INFO - Predictive Score - Mean: 0.0, Std: 0.0
2020-10-16 13:01:50,576 - smallab.main_process_runner - INFO - Experiments: 100%|##########| 1/1 [1:36:08<00:00, 5768.67s/it]
2020-10-16 13:01:50,576 - smallab.main_process_runner - INFO - Experiments: 100%|##########| 1/1 [1:36:08<00:00, 5768.67s/it]
